<?xml version="1.0" encoding="utf-8"?><testsuites name="pytest tests"><testsuite name="pytest" errors="0" failures="1" skipped="0" tests="8" time="2.806" timestamp="2026-05-26T08:30:23.125612+00:00" hostname="agent-env-dcc15c22-ff9e-4dbd-b5c6-30ff58054e1f"><testcase classname="backend.tests.test_imta_translate_anon" name="test_anonymous_comment_returns_masked_author" time="0.247" /><testcase classname="backend.tests.test_imta_translate_anon" name="test_non_anonymous_comment_returns_real_author" time="0.052" /><testcase classname="backend.tests.test_imta_translate_anon" name="test_anonymous_comment_persists_in_list" time="0.096" /><testcase classname="backend.tests.test_imta_translate_anon" name="test_translate_ko_to_vi" time="0.697" /><testcase classname="backend.tests.test_imta_translate_anon" name="test_translate_ko_to_zh" time="0.561" /><testcase classname="backend.tests.test_imta_translate_anon" name="test_translate_ko_to_ja" time="0.608" /><testcase classname="backend.tests.test_imta_translate_anon" name="test_translate_empty_text" time="0.045" /><testcase classname="backend.tests.test_imta_translate_anon" name="test_translate_handles_long_text_2000_char_cap" time="0.400"><failure message="AssertionError: assert 0 &gt; 0&#10; +  where 0 = len('')">backend/tests/test_imta_translate_anon.py:104: in test_translate_handles_long_text_2000_char_cap
    assert len(d["translated"]) &gt; 0
E   AssertionError: assert 0 &gt; 0
E    +  where 0 = len('')</failure></testcase></testsuite></testsuites>