<?xml version="1.0" encoding="utf-8"?><testsuites name="pytest tests"><testsuite name="pytest" errors="0" failures="0" skipped="0" tests="6" time="2.070" timestamp="2026-05-26T08:30:45.664672+00:00" hostname="agent-env-dcc15c22-ff9e-4dbd-b5c6-30ff58054e1f"><testcase classname="backend.tests.test_imta_translate_batch" name="test_batch_translate_ko_to_vi_preserves_separator" time="0.964" /><testcase classname="backend.tests.test_imta_translate_batch" name="test_batch_translate_ko_to_ja_preserves_separator" time="0.836" /><testcase classname="backend.tests.test_imta_translate_batch" name="test_user_country_code_is_vn" time="0.052" /><testcase classname="backend.tests.test_imta_translate_batch" name="test_posts_list_returns_seed" time="0.053" /><testcase classname="backend.tests.test_imta_translate_batch" name="test_petitions_list_returns_seed" time="0.050" /><testcase classname="backend.tests.test_imta_translate_batch" name="test_post_seed_1_has_comments" time="0.052" /></testsuite></testsuites>