<?xml version="1.0" encoding="utf-8"?><testsuites name="pytest tests"><testsuite name="pytest" errors="0" failures="0" skipped="0" tests="7" time="2.607" timestamp="2026-05-26T07:20:09.983363+00:00" hostname="agent-env-dcc15c22-ff9e-4dbd-b5c6-30ff58054e1f"><testcase classname="backend.tests.test_imta_p0_fixes" name="test_create_review_returns_full_object" time="0.344" /><testcase classname="backend.tests.test_imta_p0_fixes" name="test_create_channel_persists_icon" time="0.105" /><testcase classname="backend.tests.test_imta_p0_fixes" name="test_country_channel_VN_present" time="0.048" /><testcase classname="backend.tests.test_imta_p0_fixes" name="test_comment_notification_post_author_and_no_self_notif" time="0.647" /><testcase classname="backend.tests.test_imta_p0_fixes" name="test_petition_signature_notification_not_self" time="0.502" /><testcase classname="backend.tests.test_imta_p0_fixes" name="test_chat_notification_no_self" time="0.494" /><testcase classname="backend.tests.test_imta_p0_fixes" name="test_regression_core_endpoints" time="0.234" /></testsuite></testsuites>