<?xml version="1.0" encoding="utf-8"?><testsuites name="pytest tests"><testsuite name="pytest" errors="0" failures="0" skipped="0" tests="15" time="3.718" timestamp="2026-05-25T14:20:13.158605+00:00" hostname="agent-env-dcc15c22-ff9e-4dbd-b5c6-30ff58054e1f"><testcase classname="backend.tests.test_imta_backend" name="test_health" time="0.241" /><testcase classname="backend.tests.test_imta_backend" name="test_posts_seed" time="0.049" /><testcase classname="backend.tests.test_imta_backend" name="test_petitions_seed" time="0.044" /><testcase classname="backend.tests.test_imta_backend" name="test_reviews_seed" time="0.045" /><testcase classname="backend.tests.test_imta_backend" name="test_chat_channels_seed" time="0.047" /><testcase classname="backend.tests.test_imta_backend" name="test_auth_unauthenticated" time="0.048" /><testcase classname="backend.tests.test_imta_backend" name="test_protected_endpoint_blocked" time="0.042" /><testcase classname="backend.tests.test_imta_backend" name="test_auth_me" time="0.163" /><testcase classname="backend.tests.test_imta_backend" name="test_google_session_invalid" time="0.146" /><testcase classname="backend.tests.test_imta_backend" name="test_create_post_react_save_comment_and_persist" time="0.384" /><testcase classname="backend.tests.test_imta_backend" name="test_sign_petition_idempotent" time="0.122" /><testcase classname="backend.tests.test_imta_backend" name="test_create_and_like_review" time="0.126" /><testcase classname="backend.tests.test_imta_backend" name="test_chat_message_post" time="0.111" /><testcase classname="backend.tests.test_imta_backend" name="test_notifications_seed_and_read_all" time="0.171" /><testcase classname="backend.tests.test_imta_backend" name="test_translate" time="1.800" /></testsuite></testsuites>