<?xml version="1.0" encoding="utf-8"?><testsuites name="pytest tests"><testsuite name="pytest" errors="0" failures="0" skipped="0" tests="22" time="14.087" timestamp="2026-05-26T07:20:48.925173+00:00" hostname="agent-env-dcc15c22-ff9e-4dbd-b5c6-30ff58054e1f"><testcase classname="backend.tests.test_imta_backend" name="test_health" time="0.154" /><testcase classname="backend.tests.test_imta_backend" name="test_posts_seed" time="0.053" /><testcase classname="backend.tests.test_imta_backend" name="test_petitions_seed" time="0.046" /><testcase classname="backend.tests.test_imta_backend" name="test_reviews_seed" time="0.045" /><testcase classname="backend.tests.test_imta_backend" name="test_chat_channels_seed" time="0.064" /><testcase classname="backend.tests.test_imta_backend" name="test_auth_unauthenticated" time="0.042" /><testcase classname="backend.tests.test_imta_backend" name="test_protected_endpoint_blocked" time="0.042" /><testcase classname="backend.tests.test_imta_backend" name="test_auth_me" time="0.102" /><testcase classname="backend.tests.test_imta_backend" name="test_google_session_invalid" time="0.171" /><testcase classname="backend.tests.test_imta_backend" name="test_create_post_react_save_comment_and_persist" time="0.286" /><testcase classname="backend.tests.test_imta_backend" name="test_sign_petition_idempotent" time="0.104" /><testcase classname="backend.tests.test_imta_backend" name="test_create_and_like_review" time="0.091" /><testcase classname="backend.tests.test_imta_backend" name="test_chat_message_post" time="0.095" /><testcase classname="backend.tests.test_imta_backend" name="test_notifications_seed_and_read_all" time="0.137" /><testcase classname="backend.tests.test_imta_backend" name="test_translate" time="10.382" /><testcase classname="backend.tests.test_imta_p0_fixes" name="test_create_review_returns_full_object" time="0.183" /><testcase classname="backend.tests.test_imta_p0_fixes" name="test_create_channel_persists_icon" time="0.094" /><testcase classname="backend.tests.test_imta_p0_fixes" name="test_country_channel_VN_present" time="0.047" /><testcase classname="backend.tests.test_imta_p0_fixes" name="test_comment_notification_post_author_and_no_self_notif" time="0.643" /><testcase classname="backend.tests.test_imta_p0_fixes" name="test_petition_signature_notification_not_self" time="0.486" /><testcase classname="backend.tests.test_imta_p0_fixes" name="test_chat_notification_no_self" time="0.486" /><testcase classname="backend.tests.test_imta_p0_fixes" name="test_regression_core_endpoints" time="0.234" /></testsuite></testsuites>