<?xml version="1.0" encoding="utf-8"?><testsuites name="pytest tests"><testsuite name="pytest" errors="0" failures="0" skipped="0" tests="8" time="2.925" timestamp="2026-05-26T07:45:20.897016+00:00" hostname="agent-env-dcc15c22-ff9e-4dbd-b5c6-30ff58054e1f"><testcase classname="backend.tests.test_imta_translate_anon" name="test_anonymous_comment_returns_masked_author" time="0.234" /><testcase classname="backend.tests.test_imta_translate_anon" name="test_non_anonymous_comment_returns_real_author" time="0.051" /><testcase classname="backend.tests.test_imta_translate_anon" name="test_anonymous_comment_persists_in_list" time="0.095" /><testcase classname="backend.tests.test_imta_translate_anon" name="test_translate_ko_to_vi" time="0.743" /><testcase classname="backend.tests.test_imta_translate_anon" name="test_translate_ko_to_zh" time="0.628" /><testcase classname="backend.tests.test_imta_translate_anon" name="test_translate_ko_to_ja" time="0.634" /><testcase classname="backend.tests.test_imta_translate_anon" name="test_translate_empty_text" time="0.045" /><testcase classname="backend.tests.test_imta_translate_anon" name="test_translate_handles_long_text_2000_char_cap" time="0.406" /></testsuite></testsuites>